
Started Import Process
# System Details: 
Debug Mode 		: Disabled
Operating System 	: Linux
Software 		: LiteSpeed
MySQL version 		: 10.11.11
XML Reader 		: Yes
PHP Version 		: 8.4.7
PHP Max Input Vars 	: 1000
PHP Max Post Size 	: 2048M
PHP Extension GD 	: Yes
PHP Max Execution Time 	: 30
Max Upload Size 	: 2 GB
Memory Limit 		: Current memory limit 40M. We recommend setting memory to at least 64M.
Timezone 		: 0

-----

Importing Started! - 18:19:10 UTC
---

WHY IMPORT PROCESS CAN FAIL? READ THIS - 
https://wpastra.com/docs/?p=1314&utm_source=demo-import-panel&utm_campaign=import-error&utm_medium=wp-dashboard

---
